2019-01-02 19:05:11,144 DEBUG [background-preinit] Logging Provider: org.jboss.logging.Log4j2LoggerProvider (org.jboss.logging) (LoggerFactory.java:22) 
2019-01-02 19:05:11,152 INFO  [background-preinit] HV000001: Hibernate Validator 6.0.9.Final (org.hibernate.validator.internal.util.Version) (Version.java:21) 
2019-01-02 19:05:11,158 DEBUG [background-preinit] Cannot find javax.persistence.Persistence on classpath. Assuming non JPA 2 environment. All properties will per default be traversable. (org.hibernate.validator.internal.engine.resolver.TraversableResolvers) (TraversableResolvers.java:60) 
2019-01-02 19:05:11,163 DEBUG [background-preinit] Trying to load META-INF/validation.xml for XML based Validator configuration. (org.hibernate.validator.internal.xml.ValidationXmlParser) (ValidationXmlParser.java:133) 
2019-01-02 19:05:11,167 DEBUG [background-preinit] Trying to load META-INF/validation.xml via TCCL (org.hibernate.validator.internal.xml.ResourceLoaderHelper) (ResourceLoaderHelper.java:60) 
2019-01-02 19:05:11,169 DEBUG [background-preinit] Trying to load META-INF/validation.xml via Hibernate Validator's class loader (org.hibernate.validator.internal.xml.ResourceLoaderHelper) (ResourceLoaderHelper.java:66) 
2019-01-02 19:05:11,170 DEBUG [background-preinit] No META-INF/validation.xml found. Using annotation based configuration only. (org.hibernate.validator.internal.xml.ValidationXmlParser) (ValidationXmlParser.java:140) 
2019-01-02 19:05:11,425 DEBUG [background-preinit] Loaded expression factory via original TCCL (org.hibernate.validator.messageinterpolation.ResourceBundleMessageInterpolator) (ResourceBundleMessageInterpolator.java:89) 
2019-01-02 19:05:11,431 DEBUG [background-preinit] HV000234: Using org.hibernate.validator.messageinterpolation.ResourceBundleMessageInterpolator as ValidatorFactory-scoped message interpolator. (org.hibernate.validator.internal.engine.ValidatorFactoryImpl) (ValidatorFactoryImpl.java:578) 
2019-01-02 19:05:11,432 DEBUG [background-preinit] HV000234: Using org.hibernate.validator.internal.engine.resolver.TraverseAllTraversableResolver as ValidatorFactory-scoped traversable resolver. (org.hibernate.validator.internal.engine.ValidatorFactoryImpl) (ValidatorFactoryImpl.java:579) 
2019-01-02 19:05:11,432 DEBUG [background-preinit] HV000234: Using org.hibernate.validator.internal.util.ExecutableParameterNameProvider as ValidatorFactory-scoped parameter name provider. (org.hibernate.validator.internal.engine.ValidatorFactoryImpl) (ValidatorFactoryImpl.java:580) 
2019-01-02 19:05:11,432 DEBUG [background-preinit] HV000234: Using org.hibernate.validator.internal.engine.DefaultClockProvider as ValidatorFactory-scoped clock provider. (org.hibernate.validator.internal.engine.ValidatorFactoryImpl) (ValidatorFactoryImpl.java:581) 
2019-01-02 19:05:11,432 DEBUG [background-preinit] HV000234: Using org.hibernate.validator.internal.engine.scripting.DefaultScriptEvaluatorFactory as ValidatorFactory-scoped script evaluator factory. (org.hibernate.validator.internal.engine.ValidatorFactoryImpl) (ValidatorFactoryImpl.java:582) 
2019-01-02 19:06:02,085 DEBUG [background-preinit] Logging Provider: org.jboss.logging.Log4j2LoggerProvider (org.jboss.logging) (LoggerFactory.java:22) 
2019-01-02 19:06:02,090 INFO  [background-preinit] HV000001: Hibernate Validator 6.0.9.Final (org.hibernate.validator.internal.util.Version) (Version.java:21) 
2019-01-02 19:06:02,100 DEBUG [background-preinit] Cannot find javax.persistence.Persistence on classpath. Assuming non JPA 2 environment. All properties will per default be traversable. (org.hibernate.validator.internal.engine.resolver.TraversableResolvers) (TraversableResolvers.java:60) 
2019-01-02 19:06:02,104 DEBUG [background-preinit] Trying to load META-INF/validation.xml for XML based Validator configuration. (org.hibernate.validator.internal.xml.ValidationXmlParser) (ValidationXmlParser.java:133) 
2019-01-02 19:06:02,105 DEBUG [background-preinit] Trying to load META-INF/validation.xml via TCCL (org.hibernate.validator.internal.xml.ResourceLoaderHelper) (ResourceLoaderHelper.java:60) 
2019-01-02 19:06:02,105 DEBUG [background-preinit] Trying to load META-INF/validation.xml via Hibernate Validator's class loader (org.hibernate.validator.internal.xml.ResourceLoaderHelper) (ResourceLoaderHelper.java:66) 
2019-01-02 19:06:02,105 DEBUG [background-preinit] No META-INF/validation.xml found. Using annotation based configuration only. (org.hibernate.validator.internal.xml.ValidationXmlParser) (ValidationXmlParser.java:140) 
2019-01-02 19:06:02,375 DEBUG [background-preinit] Loaded expression factory via original TCCL (org.hibernate.validator.messageinterpolation.ResourceBundleMessageInterpolator) (ResourceBundleMessageInterpolator.java:89) 
2019-01-02 19:06:02,381 DEBUG [background-preinit] HV000234: Using org.hibernate.validator.messageinterpolation.ResourceBundleMessageInterpolator as ValidatorFactory-scoped message interpolator. (org.hibernate.validator.internal.engine.ValidatorFactoryImpl) (ValidatorFactoryImpl.java:578) 
2019-01-02 19:06:02,382 DEBUG [background-preinit] HV000234: Using org.hibernate.validator.internal.engine.resolver.TraverseAllTraversableResolver as ValidatorFactory-scoped traversable resolver. (org.hibernate.validator.internal.engine.ValidatorFactoryImpl) (ValidatorFactoryImpl.java:579) 
2019-01-02 19:06:02,382 DEBUG [background-preinit] HV000234: Using org.hibernate.validator.internal.util.ExecutableParameterNameProvider as ValidatorFactory-scoped parameter name provider. (org.hibernate.validator.internal.engine.ValidatorFactoryImpl) (ValidatorFactoryImpl.java:580) 
2019-01-02 19:06:02,382 DEBUG [background-preinit] HV000234: Using org.hibernate.validator.internal.engine.DefaultClockProvider as ValidatorFactory-scoped clock provider. (org.hibernate.validator.internal.engine.ValidatorFactoryImpl) (ValidatorFactoryImpl.java:581) 
2019-01-02 19:06:02,382 DEBUG [background-preinit] HV000234: Using org.hibernate.validator.internal.engine.scripting.DefaultScriptEvaluatorFactory as ValidatorFactory-scoped script evaluator factory. (org.hibernate.validator.internal.engine.ValidatorFactoryImpl) (ValidatorFactoryImpl.java:582) 
2019-01-02 19:06:05,157 DEBUG [main] Logging initialized using 'class org.apache.ibatis.logging.log4j2.Log4j2Impl' adapter. (org.apache.ibatis.logging.LogFactory) (LogFactory.java:135) 
2019-01-02 19:06:05,945 DEBUG [main] Cannot find javax.persistence.Persistence on classpath. Assuming non JPA 2 environment. All properties will per default be traversable. (org.hibernate.validator.internal.engine.resolver.TraversableResolvers) (TraversableResolvers.java:60) 
2019-01-02 19:06:05,945 DEBUG [main] Loaded expression factory via original TCCL (org.hibernate.validator.messageinterpolation.ResourceBundleMessageInterpolator) (ResourceBundleMessageInterpolator.java:89) 
2019-01-02 19:06:05,954 DEBUG [main] Cannot find javax.persistence.Persistence on classpath. Assuming non JPA 2 environment. All properties will per default be traversable. (org.hibernate.validator.internal.engine.resolver.TraversableResolvers) (TraversableResolvers.java:60) 
2019-01-02 19:06:05,955 DEBUG [main] Setting custom MessageInterpolator of type org.springframework.validation.beanvalidation.LocaleContextMessageInterpolator (org.hibernate.validator.internal.engine.ConfigurationImpl) (ConfigurationImpl.java:148) 
2019-01-02 19:06:05,956 DEBUG [main] Setting custom ConstraintValidatorFactory of type org.springframework.validation.beanvalidation.SpringConstraintValidatorFactory (org.hibernate.validator.internal.engine.ConfigurationImpl) (ConfigurationImpl.java:180) 
2019-01-02 19:06:05,956 DEBUG [main] Setting custom ParameterNameProvider of type org.springframework.validation.beanvalidation.LocalValidatorFactoryBean$1 (org.hibernate.validator.internal.engine.ConfigurationImpl) (ConfigurationImpl.java:194) 
2019-01-02 19:06:05,958 DEBUG [main] Trying to load META-INF/validation.xml for XML based Validator configuration. (org.hibernate.validator.internal.xml.ValidationXmlParser) (ValidationXmlParser.java:133) 
2019-01-02 19:06:05,958 DEBUG [main] Trying to load META-INF/validation.xml via user class loader (org.hibernate.validator.internal.xml.ResourceLoaderHelper) (ResourceLoaderHelper.java:53) 
2019-01-02 19:06:05,959 DEBUG [main] Trying to load META-INF/validation.xml via TCCL (org.hibernate.validator.internal.xml.ResourceLoaderHelper) (ResourceLoaderHelper.java:60) 
2019-01-02 19:06:05,959 DEBUG [main] Trying to load META-INF/validation.xml via Hibernate Validator's class loader (org.hibernate.validator.internal.xml.ResourceLoaderHelper) (ResourceLoaderHelper.java:66) 
2019-01-02 19:06:05,960 DEBUG [main] No META-INF/validation.xml found. Using annotation based configuration only. (org.hibernate.validator.internal.xml.ValidationXmlParser) (ValidationXmlParser.java:140) 
2019-01-02 19:06:05,965 DEBUG [main] HV000234: Using org.springframework.validation.beanvalidation.LocaleContextMessageInterpolator as ValidatorFactory-scoped message interpolator. (org.hibernate.validator.internal.engine.ValidatorFactoryImpl) (ValidatorFactoryImpl.java:578) 
2019-01-02 19:06:05,965 DEBUG [main] HV000234: Using org.hibernate.validator.internal.engine.resolver.TraverseAllTraversableResolver as ValidatorFactory-scoped traversable resolver. (org.hibernate.validator.internal.engine.ValidatorFactoryImpl) (ValidatorFactoryImpl.java:579) 
2019-01-02 19:06:05,965 DEBUG [main] HV000234: Using org.hibernate.validator.internal.util.ExecutableParameterNameProvider as ValidatorFactory-scoped parameter name provider. (org.hibernate.validator.internal.engine.ValidatorFactoryImpl) (ValidatorFactoryImpl.java:580) 
2019-01-02 19:06:05,965 DEBUG [main] HV000234: Using org.hibernate.validator.internal.engine.DefaultClockProvider as ValidatorFactory-scoped clock provider. (org.hibernate.validator.internal.engine.ValidatorFactoryImpl) (ValidatorFactoryImpl.java:581) 
2019-01-02 19:06:05,965 DEBUG [main] HV000234: Using org.hibernate.validator.internal.engine.scripting.DefaultScriptEvaluatorFactory as ValidatorFactory-scoped script evaluator factory. (org.hibernate.validator.internal.engine.ValidatorFactoryImpl) (ValidatorFactoryImpl.java:582) 
2019-01-02 19:06:19,199 DEBUG [http-nio-8080-exec-1] Creating a new SqlSession (org.mybatis.spring.SqlSessionUtils) (SqlSessionUtils.java:97) 
2019-01-02 19:06:19,208 DEBUG [http-nio-8080-exec-1] SqlSession [org.apache.ibatis.session.defaults.DefaultSqlSession@599d2b8a] was not registered for synchronization because synchronization is not active (org.mybatis.spring.SqlSessionUtils) (SqlSessionUtils.java:148) 
2019-01-02 19:06:19,279 DEBUG [http-nio-8080-exec-1] JDBC Connection [com.mchange.v2.c3p0.impl.NewProxyConnection@745fcb25 [wrapping: com.mysql.jdbc.JDBC4Connection@5ce09977]] will not be managed by Spring (org.mybatis.spring.transaction.SpringManagedTransaction) (SpringManagedTransaction.java:87) 
2019-01-02 19:06:19,302 DEBUG [http-nio-8080-exec-1] ==>  Preparing: SELECT id AS id,`name` FROM t_product  (com.wechat.shopping.mapper.ProductDao.selectList) (BaseJdbcLogger.java:159) 
2019-01-02 19:06:19,344 DEBUG [http-nio-8080-exec-1] ==> Parameters:  (com.wechat.shopping.mapper.ProductDao.selectList) (BaseJdbcLogger.java:159) 
2019-01-02 19:06:19,384 DEBUG [http-nio-8080-exec-1] <==      Total: 2 (com.wechat.shopping.mapper.ProductDao.selectList) (BaseJdbcLogger.java:159) 
2019-01-02 19:06:19,385 DEBUG [http-nio-8080-exec-1] Closing non transactional SqlSession [org.apache.ibatis.session.defaults.DefaultSqlSession@599d2b8a] (org.mybatis.spring.SqlSessionUtils) (SqlSessionUtils.java:191) 
2019-01-02 19:06:19,609 INFO  [http-nio-8080-exec-1] queryProductList=[{"id":1,"name":"蛋糕"},{"id":2,"name":"奶酪"}] (com.wechat.shopping.service.ProductServiceImpl) (ProductServiceImpl.java:24) 
2019-01-02 19:06:19,610 INFO  [http-nio-8080-exec-1] page=[{"id":1,"name":"蛋糕"},{"id":2,"name":"奶酪"}] (com.wechat.shopping.controller.ProductController) (ProductController.java:32) 
